d:\study\directx\directx11\framework\debug_framework\time.obj
d:\study\directx\directx11\framework\debug_framework\path.obj
d:\study\directx\directx11\framework\debug_framework\texture.obj
d:\study\directx\directx11\framework\debug_framework\orthographic.obj
d:\study\directx\directx11\framework\debug_framework\d3d.obj
d:\study\directx\directx11\framework\debug_framework\window.obj
d:\study\directx\directx11\framework\debug_framework\xml.obj
d:\study\directx\directx11\framework\debug_framework\projection.obj
d:\study\directx\directx11\framework\debug_framework\mouse.obj
d:\study\directx\directx11\framework\debug_framework\keyboard.obj
d:\study\directx\directx11\framework\debug_framework\binaryfile.obj
d:\study\directx\directx11\framework\debug_framework\math.obj
d:\study\directx\directx11\framework\debug_framework\shader.obj
d:\study\directx\directx11\framework\debug_framework\perspective.obj
d:\study\directx\directx11\framework\debug_framework\gui.obj
d:\study\directx\directx11\framework\debug_framework\string.obj
d:\study\directx\directx11\framework\debug_framework\context.obj
d:\study\directx\directx11\framework\debug_framework\viewport.obj
d:\study\directx\directx11\framework\debug_framework\framework.pdb
d:\study\directx\directx11\framework\debug\framework.lib
d:\study\directx\directx11\framework\debug_framework\framework.idb
d:\study\directx\directx11\framework\debug\framework.pdb
d:\study\directx\directx11\framework\debug_framework\framework.tlog\cl.11224.write.1.tlog
d:\study\directx\directx11\framework\debug_framework\framework.tlog\cl.command.1.tlog
d:\study\directx\directx11\framework\debug_framework\framework.tlog\cl.read.1.tlog
d:\study\directx\directx11\framework\debug_framework\framework.tlog\lib-link.read.1.tlog
d:\study\directx\directx11\framework\debug_framework\framework.tlog\lib-link.write.1.tlog
d:\study\directx\directx11\framework\debug_framework\framework.tlog\lib.command.1.tlog
